app/build/outputs/logs/manifest-merger-debug-report.txt
-- Merging decision tree log ---
manifest
ADDED from src\main\AndroidManifest.xml:10:1-119:12
	package
		ADDED from src\main\AndroidManifest.xml:11:5-47
		INJECTED from src\main\AndroidManifest.xml
		INJECTED from src\main\AndroidManifest.xml
	android:versionName
		ADDED from src\main\AndroidManifest.xml:13:5-30
		INJECTED from src\main\AndroidManifest.xml
		INJECTED from src\main\AndroidManifest.xml
	android:versionCode
		ADDED from src\main\AndroidManifest.xml:12:5-28
		INJECTED from src\main\AndroidManifest.xml
		INJECTED from src\main\AndroidManifest.xml
	xmlns:android
		ADDED from src\main\AndroidManifest.xml:10:11-69
permission#no.nordicsemi.android.LOG
ADDED from src\main\AndroidManifest.xml:15:5-19:56
	android:label
		ADDED from src\main\AndroidManifest.xml:19:9-53
	android:icon
		ADDED from src\main\AndroidManifest.xml:18:9-51
	android:description
		ADDED from src\main\AndroidManifest.xml:17:9-65
	android:name
		ADDED from src\main\AndroidManifest.xml:16:9-49
uses-sdk
ADDED from src\main\AndroidManifest.xml:21:5-23:41
	android:targetSdkVersion
		ADDED from src\main\AndroidManifest.xml:23:9-38
		INJECTED from src\main\AndroidManifest.xml
		INJECTED from src\main\AndroidManifest.xml
	android:minSdkVersion
		ADDED from src\main\AndroidManifest.xml:22:9-35
		INJECTED from src\main\AndroidManifest.xml
		INJECTED from src\main\AndroidManifest.xml
uses-permission#android.permission.WRITE_EXTERNAL_STORAGE
ADDED from src\main\AndroidManifest.xml:25:5-81
	android:name
		ADDED from src\main\AndroidManifest.xml:25:22-78
uses-permission#android.permission.BLUETOOTH
ADDED from src\main\AndroidManifest.xml:26:5-68
	android:name
		ADDED from src\main\AndroidManifest.xml:26:22-65
uses-permission#android.permission.BLUETOOTH_ADMIN
ADDED from src\main\AndroidManifest.xml:27:5-74
	android:name
		ADDED from src\main\AndroidManifest.xml:27:22-71
uses-permission#no.nordicsemi.android.LOG
ADDED from src\main\AndroidManifest.xml:28:5-65
	android:name
		ADDED from src\main\AndroidManifest.xml:28:22-62
application
ADDED from src\main\AndroidManifest.xml:30:5-117:19
	android:label
		ADDED from src\main\AndroidManifest.xml:33:9-41
	android:allowBackup
		ADDED from src\main\AndroidManifest.xml:31:9-35
	android:icon
		ADDED from src\main\AndroidManifest.xml:32:9-45
	android:theme
		ADDED from src\main\AndroidManifest.xml:35:9-40
	android:logo
		ADDED from src\main\AndroidManifest.xml:34:9-47
activity#no.nordicsemi.android.nrftoolbox.SplashscreenActivity
ADDED from src\main\AndroidManifest.xml:36:9-45:20
	android:label
		ADDED from src\main\AndroidManifest.xml:38:13-45
	android:theme
		ADDED from src\main\AndroidManifest.xml:39:13-55
	android:name
		ADDED from src\main\AndroidManifest.xml:37:13-81
intent-filter#android.intent.action.MAIN+android.intent.category.LAUNCHER
ADDED from src\main\AndroidManifest.xml:40:13-44:29
action#android.intent.action.MAIN
ADDED from src\main\AndroidManifest.xml:41:17-69
	android:name
		ADDED from src\main\AndroidManifest.xml:41:25-66
category#android.intent.category.LAUNCHER
ADDED from src\main\AndroidManifest.xml:43:17-77
	android:name
		ADDED from src\main\AndroidManifest.xml:43:27-74
activity#no.nordicsemi.android.nrftoolbox.FeaturesActivity
ADDED from src\main\AndroidManifest.xml:46:9-50:20
	android:label
		ADDED from src\main\AndroidManifest.xml:48:13-45
	android:launchMode
		ADDED from src\main\AndroidManifest.xml:49:13-44
	android:name
		ADDED from src\main\AndroidManifest.xml:47:13-77
activity#no.nordicsemi.android.nrftoolbox.dfu.DfuActivity
ADDED from src\main\AndroidManifest.xml:52:9-61:20
	android:label
		ADDED from src\main\AndroidManifest.xml:55:13-54
	android:icon
		ADDED from src\main\AndroidManifest.xml:54:13-52
	android:name
		ADDED from src\main\AndroidManifest.xml:53:13-76
intent-filter#android.intent.action.MAIN+no.nordicsemi.android.nrftoolbox.LAUNCHER
ADDED from src\main\AndroidManifest.xml:56:13-60:29
category#no.nordicsemi.android.nrftoolbox.LAUNCHER
ADDED from src\main\AndroidManifest.xml:59:17-86
	android:name
		ADDED from src\main\AndroidManifest.xml:59:27-83
activity#no.nordicsemi.android.nrftoolbox.hrs.HRSActivity
ADDED from src\main\AndroidManifest.xml:62:9-71:20
	android:label
		ADDED from src\main\AndroidManifest.xml:65:13-54
	android:icon
		ADDED from src\main\AndroidManifest.xml:64:13-52
	android:name
		ADDED from src\main\AndroidManifest.xml:63:13-76
activity#no.nordicsemi.android.nrftoolbox.hts.HTSActivity
ADDED from src\main\AndroidManifest.xml:72:9-81:20
	android:label
		ADDED from src\main\AndroidManifest.xml:75:13-54
	android:icon
		ADDED from src\main\AndroidManifest.xml:74:13-52
	android:name
		ADDED from src\main\AndroidManifest.xml:73:13-76
activity#no.nordicsemi.android.nrftoolbox.bpm.BPMActivity
ADDED from src\main\AndroidManifest.xml:82:9-91:20
	android:label
		ADDED from src\main\AndroidManifest.xml:85:13-54
	android:icon
		ADDED from src\main\AndroidManifest.xml:84:13-52
	android:name
		ADDED from src\main\AndroidManifest.xml:83:13-76
activity#no.nordicsemi.android.nrftoolbox.gls.GlucoseActivity
ADDED from src\main\AndroidManifest.xml:92:9-101:20
	android:label
		ADDED from src\main\AndroidManifest.xml:95:13-54
	android:icon
		ADDED from src\main\AndroidManifest.xml:94:13-56
	android:name
		ADDED from src\main\AndroidManifest.xml:93:13-80
activity#no.nordicsemi.android.nrftoolbox.proximity.ProximityActivity
ADDED from src\main\AndroidManifest.xml:102:9-112:20
	android:label
		ADDED from src\main\AndroidManifest.xml:105:13-60
	android:launchMode
		ADDED from src\main\AndroidManifest.xml:106:13-44
	android:icon
		ADDED from src\main\AndroidManifest.xml:104:13-58
	android:name
		ADDED from src\main\AndroidManifest.xml:103:13-88
service#no.nordicsemi.android.nrftoolbox.proximity.ProximityService
ADDED from src\main\AndroidManifest.xml:114:9-116:63
	android:label
		ADDED from src\main\AndroidManifest.xml:116:13-60
	android:name
		ADDED from src\main\AndroidManifest.xml:115:13-87